<?xml version="1.0" encoding="UTF-8"?>
<testsuite xmlns:xsi="http://www.w3.org/2001/XMLSchema-instance" xsi:noNamespaceSchemaLocation="https://maven.apache.org/surefire/maven-surefire-plugin/xsd/surefire-test-report.xsd" version="3.0.2" name="es.codeurjc.web.nitflex.integration.FilmIntegrationsUtilsTests" time="22.029" tests="2" errors="0" skipped="0" failures="0">
  <properties>
[...]
</properties>
  <testcase name="update_title_and_synopsis_save_in_database" classname="es.codeurjc.web.nitflex.integration.FilmIntegrationsUtilsTests" time="1.24">
    <system-out><![CDATA[22:45:18.664 [main] INFO org.springframework.test.context.support.AnnotationConfigContextLoaderUtils -- Could not detect default configuration classes for test class [es.codeurjc.web.nitflex.integration.FilmIntegrationsUtilsTests]: FilmIntegrationsUtilsTests does not declare any static, non-private, non-final, nested classes annotated with @Configuration.
22:45:19.101 [main] INFO org.springframework.boot.test.context.SpringBootTestContextBootstrapper -- Found @SpringBootConfiguration es.codeurjc.web.nitflex.Application for test class es.codeurjc.web.nitflex.integration.FilmIntegrationsUtilsTests
22:45:19.922 [main] INFO org.springframework.boot.devtools.restart.RestartApplicationListener -- Restart disabled due to context in which it is running

  .   ____          _            __ _ _
 /\\ / ___'_ __ _ _(_)_ __  __ _ \ \ \ \
( ( )\___ | '_ | '_| | '_ \/ _` | \ \ \ \
 \\/  ___)| |_)| | | | | || (_| |  ) ) ) )
  '  |____| .__|_| |_|_| |_\__, | / / / /
 =========|_|==============|___/=/_/_/_/

 :: Spring Boot ::                (v3.4.2)

2025-03-28T22:45:20.831+01:00  INFO 2540 --- [           main] e.c.w.n.i.FilmIntegrationsUtilsTests     : Starting FilmIntegrationsUtilsTests using Java 23.0.2 with PID 2540 (started by guill in C:\Users\guill\Escritorio\AIS\NitflexGH\Trabajo1AIS\Nitflex)
2025-03-28T22:45:20.835+01:00  INFO 2540 --- [           main] e.c.w.n.i.FilmIntegrationsUtilsTests     : No active profile set, falling back to 1 default profile: "default"
2025-03-28T22:45:24.538+01:00  INFO 2540 --- [           main] .s.d.r.c.RepositoryConfigurationDelegate : Bootstrapping Spring Data JPA repositories in DEFAULT mode.
2025-03-28T22:45:24.772+01:00  INFO 2540 --- [           main] .s.d.r.c.RepositoryConfigurationDelegate : Finished Spring Data repository scanning in 205 ms. Found 3 JPA repository interfaces.
2025-03-28T22:45:26.139+01:00  INFO 2540 --- [           main] com.zaxxer.hikari.HikariDataSource       : HikariPool-1 - Starting...
2025-03-28T22:45:27.047+01:00  INFO 2540 --- [           main] com.zaxxer.hikari.pool.HikariPool        : HikariPool-1 - Added connection conn0: url=jdbc:h2:mem:testdb user=SA
2025-03-28T22:45:27.054+01:00  INFO 2540 --- [           main] com.zaxxer.hikari.HikariDataSource       : HikariPool-1 - Start completed.
2025-03-28T22:45:27.839+01:00  INFO 2540 --- [           main] o.hibernate.jpa.internal.util.LogHelper  : HHH000204: Processing PersistenceUnitInfo [name: default]
2025-03-28T22:45:28.363+01:00  INFO 2540 --- [           main] org.hibernate.Version                    : HHH000412: Hibernate ORM core version 6.6.5.Final
2025-03-28T22:45:28.493+01:00  INFO 2540 --- [           main] o.h.c.internal.RegionFactoryInitiator    : HHH000026: Second-level cache disabled
2025-03-28T22:45:29.644+01:00  INFO 2540 --- [           main] o.s.o.j.p.SpringPersistenceUnitInfo      : No LoadTimeWeaver setup: ignoring JPA class transformer
2025-03-28T22:45:29.881+01:00  INFO 2540 --- [           main] org.hibernate.orm.connections.pooling    : HHH10001005: Database info:
	Database JDBC URL [Connecting through datasource 'HikariDataSource (HikariPool-1)']
	Database driver: undefined/unknown
	Database version: 2.3.232
	Autocommit mode: undefined/unknown
	Isolation level: undefined/unknown
	Minimum pool size: undefined/unknown
	Maximum pool size: undefined/unknown
2025-03-28T22:45:33.664+01:00  INFO 2540 --- [           main] o.h.e.t.j.p.i.JtaPlatformInitiator       : HHH000489: No JTA platform available (set 'hibernate.transaction.jta.platform' to enable JTA platform integration)
2025-03-28T22:45:33.860+01:00  INFO 2540 --- [           main] j.LocalContainerEntityManagerFactoryBean : Initialized JPA EntityManagerFactory for persistence unit 'default'
2025-03-28T22:45:34.906+01:00  INFO 2540 --- [           main] o.s.d.j.r.query.QueryEnhancerFactory     : Hibernate is in classpath; If applicable, HQL parser will be used.
2025-03-28T22:45:37.474+01:00  WARN 2540 --- [           main] JpaBaseConfiguration$JpaWebConfiguration : spring.jpa.open-in-view is enabled by default. Therefore, database queries may be performed during view rendering. Explicitly configure spring.jpa.open-in-view to disable this warning
2025-03-28T22:45:38.677+01:00  INFO 2540 --- [           main] e.c.w.n.i.FilmIntegrationsUtilsTests     : Started FilmIntegrationsUtilsTests in 18.804 seconds (process running for 23.425)
]]></system-out>
    <system-err><![CDATA[Mockito is currently self-attaching to enable the inline-mock-maker. This will no longer work in future releases of the JDK. Please add Mockito as an agent to your build what is described in Mockito's documentation: https://javadoc.io/doc/org.mockito/mockito-core/latest/org/mockito/Mockito.html#0.3
WARNING: A Java agent has been loaded dynamically (C:\Users\guill\.m2\repository\net\bytebuddy\byte-buddy-agent\1.15.11\byte-buddy-agent-1.15.11.jar)
WARNING: If a serviceability tool is in use, please run with -XX:+EnableDynamicAgentLoading to hide this warning
WARNING: If a serviceability tool is not in use, please run with -Djdk.instrument.traceUsage for more information
WARNING: Dynamic loading of agents will be disallowed by default in a future release
]]></system-err>
  </testcase>
  <testcase name="add_a_title_and_save_in_repository_returns_a_created_film" classname="es.codeurjc.web.nitflex.integration.FilmIntegrationsUtilsTests" time="0.017"/>
</testsuite>